Determining if the pthread_create exist failed with the following output:
Change Dir: /home/leo/Desktop/yolov3_project/src/yolov3/cmake-build-debug/CMakeFiles/CMakeTmp

Run Build Command:"/usr/bin/make" "cmTC_f920e/fast"
/usr/bin/make -f CMakeFiles/cmTC_f920e.dir/build.make CMakeFiles/cmTC_f920e.dir/build
make[1]: Entering directory `/home/leo/Desktop/yolov3_project/src/yolov3/cmake-build-debug/CMakeFiles/CMakeTmp'
Building C object CMakeFiles/cmTC_f920e.dir/CheckSymbolExists.c.o
/usr/bin/cc    -fPIC    -o CMakeFiles/cmTC_f920e.dir/CheckSymbolExists.c.o   -c /home/leo/Desktop/yolov3_project/src/yolov3/cmake-build-debug/CMakeFiles/CMakeTmp/CheckSymbolExists.c
Linking C executable cmTC_f920e
/home/leo/Downloads/clion-2017.1.3/bin/cmake/bin/cmake -E cmake_link_script CMakeFiles/cmTC_f920e.dir/link.txt --verbose=1
/usr/bin/cc  -fPIC     CMakeFiles/cmTC_f920e.dir/CheckSymbolExists.c.o  -o cmTC_f920e 
CMakeFiles/cmTC_f920e.dir/CheckSymbolExists.c.o: In function `main':
CheckSymbolExists.c:(.text+0x1b): undefined reference to `pthread_create'
collect2: error: ld returned 1 exit status
make[1]: *** [cmTC_f920e] Error 1
make[1]: Leaving directory `/home/leo/Desktop/yolov3_project/src/yolov3/cmake-build-debug/CMakeFiles/CMakeTmp'
make: *** [cmTC_f920e/fast] Error 2

File /home/leo/Desktop/yolov3_project/src/yolov3/cmake-build-debug/CMakeFiles/CMakeTmp/CheckSymbolExists.c:
/* */
#include <pthread.h>

int main(int argc, char** argv)
{
  (void)argv;
#ifndef pthread_create
  return ((int*)(&pthread_create))[argc];
#else
  (void)argc;
  return 0;
#endif
}

Determining if the function pthread_create exists in the pthreads failed with the following output:
Change Dir: /home/leo/Desktop/yolov3_project/src/yolov3/cmake-build-debug/CMakeFiles/CMakeTmp

Run Build Command:"/usr/bin/make" "cmTC_df9dd/fast"
/usr/bin/make -f CMakeFiles/cmTC_df9dd.dir/build.make CMakeFiles/cmTC_df9dd.dir/build
make[1]: Entering directory `/home/leo/Desktop/yolov3_project/src/yolov3/cmake-build-debug/CMakeFiles/CMakeTmp'
Building C object CMakeFiles/cmTC_df9dd.dir/CheckFunctionExists.c.o
/usr/bin/cc    -fPIC -DCHECK_FUNCTION_EXISTS=pthread_create   -o CMakeFiles/cmTC_df9dd.dir/CheckFunctionExists.c.o   -c /home/leo/Downloads/clion-2017.1.3/bin/cmake/share/cmake-3.7/Modules/CheckFunctionExists.c
Linking C executable cmTC_df9dd
/home/leo/Downloads/clion-2017.1.3/bin/cmake/bin/cmake -E cmake_link_script CMakeFiles/cmTC_df9dd.dir/link.txt --verbose=1
/usr/bin/cc  -fPIC -DCHECK_FUNCTION_EXISTS=pthread_create    CMakeFiles/cmTC_df9dd.dir/CheckFunctionExists.c.o  -o cmTC_df9dd -lpthreads 
/usr/bin/ld: cannot find -lpthreads
collect2: error: ld returned 1 exit status
make[1]: *** [cmTC_df9dd] Error 1
make[1]: Leaving directory `/home/leo/Desktop/yolov3_project/src/yolov3/cmake-build-debug/CMakeFiles/CMakeTmp'
make: *** [cmTC_df9dd/fast] Error 2


